c:\!cashjar\!exam\toyrobotappmfc\toyrobotappmfc\x64\debug\toyrobotappmfc.pch
c:\!cashjar\!exam\toyrobotappmfc\toyrobotappmfc\x64\debug\vc143.pdb
c:\!cashjar\!exam\toyrobotappmfc\toyrobotappmfc\x64\debug\vc143.idb
c:\!cashjar\!exam\toyrobotappmfc\toyrobotappmfc\x64\debug\pch.obj
c:\!cashjar\!exam\toyrobotappmfc\toyrobotappmfc\x64\debug\trcontroller.obj
c:\!cashjar\!exam\toyrobotappmfc\toyrobotappmfc\x64\debug\toyrobotappmfc.obj
c:\!cashjar\!exam\toyrobotappmfc\toyrobotappmfc\x64\debug\toyrobot.obj
c:\!cashjar\!exam\toyrobotappmfc\toyrobotappmfc\x64\debug\table.obj
c:\!cashjar\!exam\toyrobotappmfc\toyrobotappmfc\x64\debug\direction.obj
c:\!cashjar\!exam\toyrobotappmfc\toyrobotappmfc\x64\debug\toyrobotappmfc.ilk
c:\!cashjar\!exam\toyrobotappmfc\x64\debug\toyrobotappmfc.exe
c:\!cashjar\!exam\toyrobotappmfc\x64\debug\toyrobotappmfc.pdb
c:\!cashjar\!exam\toyrobotappmfc\toyrobotappmfc\x64\debug\toyrobotappmfc.res
c:\!cashjar\!exam\toyrobotappmfc\toyrobotappmfc\x64\debug\toyrobotappmfc.tlog\cl.command.1.tlog
c:\!cashjar\!exam\toyrobotappmfc\toyrobotappmfc\x64\debug\toyrobotappmfc.tlog\cl.items.tlog
c:\!cashjar\!exam\toyrobotappmfc\toyrobotappmfc\x64\debug\toyrobotappmfc.tlog\cl.read.1.tlog
c:\!cashjar\!exam\toyrobotappmfc\toyrobotappmfc\x64\debug\toyrobotappmfc.tlog\cl.write.1.tlog
c:\!cashjar\!exam\toyrobotappmfc\toyrobotappmfc\x64\debug\toyrobotappmfc.tlog\link.command.1.tlog
c:\!cashjar\!exam\toyrobotappmfc\toyrobotappmfc\x64\debug\toyrobotappmfc.tlog\link.read.1.tlog
c:\!cashjar\!exam\toyrobotappmfc\toyrobotappmfc\x64\debug\toyrobotappmfc.tlog\link.write.1.tlog
c:\!cashjar\!exam\toyrobotappmfc\toyrobotappmfc\x64\debug\toyrobotappmfc.tlog\rc.command.1.tlog
c:\!cashjar\!exam\toyrobotappmfc\toyrobotappmfc\x64\debug\toyrobotappmfc.tlog\rc.read.1.tlog
c:\!cashjar\!exam\toyrobotappmfc\toyrobotappmfc\x64\debug\toyrobotappmfc.tlog\rc.write.1.tlog
